The system is: Windows - 10.0.19045 - AMD64
Compiling the C compiler identification source file "CMakeCCompilerId.c" succeeded.
Compiler: D:/Clion/CLion 2022.2.4/bin/mingw/bin/gcc.exe 
Build flags: 
Id flags:  

The output was:
0


Compilation of the C compiler identification source "CMakeCCompilerId.c" produced "a.exe"

The C compiler identification is GNU, found in "D:/ClionProjects/C++Projects/practice/cmake-build-debug/CMakeFiles/3.23.2/CompilerIdC/a.exe"

Compiling the CXX compiler identification source file "CMakeCXXCompilerId.cpp" succeeded.
Compiler: D:/Clion/CLion 2022.2.4/bin/mingw/bin/g++.exe 
Build flags: 
Id flags:  

The output was:
0


Compilation of the CXX compiler identification source "CMakeCXXCompilerId.cpp" produced "a.exe"

The CXX compiler identification is GNU, found in "D:/ClionProjects/C++Projects/practice/cmake-build-debug/CMakeFiles/3.23.2/CompilerIdCXX/a.exe"

Determining if the C compiler works passed with the following output:
Change Dir: D:/ClionProjects/C++Projects/practice/cmake-build-debug/CMakeFiles/CMakeTmp

Run Build Command(s):D:/Clion/CLion 2022.2.4/bin/ninja/win/ninja.exe cmTC_8fa78 && [1/2] Building C object CMakeFiles/cmTC_8fa78.dir/testCCompiler.c.obj
[2/2] Linking C executable cmTC_8fa78.exe



Determining if the CXX compiler works passed with the following output:
Change Dir: D:/ClionProjects/C++Projects/practice/cmake-build-debug/CMakeFiles/CMakeTmp

Run Build Command(s):D:/Clion/CLion 2022.2.4/bin/ninja/win/ninja.exe cmTC_7f646 && [1/2] Building CXX object CMakeFiles/cmTC_7f646.dir/testCXXCompiler.cxx.obj
[2/2] Linking CXX executable cmTC_7f646.exe



